{"numTotalTestSuites":4,"numPassedTestSuites":4,"numFailedTestSuites":0,"numPendingTestSuites":0,"numTotalTests":4,"numPassedTests":4,"numFailedTests":0,"numPendingTests":0,"numTodoTests":0,"snapshot":{"added":0,"failure":false,"filesAdded":0,"filesRemoved":0,"filesRemovedList":[],"filesUnmatched":0,"filesUpdated":0,"matched":0,"total":0,"unchecked":0,"uncheckedKeysByFile":[],"unmatched":0,"updated":0,"didUpdate":false},"startTime":1788730667794,"success":true,"testResults":[{"assertionResults":[{"ancestorTitles":["current sealed provider-observation authority"],"fullName":"current sealed provider-observation authority preserves exact signed bytes and replay identity without fabricating unbound lifecycle success","status":"passed","title":"preserves exact signed bytes and replay identity without fabricating unbound lifecycle success","duration":122.4916000000012,"failureMessages":[],"meta":{},"tags":[]},{"ancestorTitles":["current sealed provider-observation authority"],"fullName":"current sealed provider-observation authority does not upgrade a caller-VERIFIED historical receipt into independent verification","status":"passed","title":"does not upgrade a caller-VERIFIED historical receipt into independent verification","duration":52.86360000000059,"failureMessages":[],"meta":{},"tags":[]}],"startTime":1788730702258,"endTime":1788730702433.8635,"status":"passed","message":"","name":"C:/Users/Manfish/Documents/Codex/2026-08-25/files-mentioned-by-the-user-hustlexp/work/repos/backend-security-expiry-wip/backend/tests/system/provider-observation-authority-v13.pg.test.ts"},{"assertionResults":[{"ancestorTitles":["historical pre-v13 provider observation normalization authority"],"fullName":"historical pre-v13 provider observation normalization authority corroborates an exact terminal observation without provider I/O or lifecycle success","status":"passed","title":"corroborates an exact terminal observation without provider I/O or lifecycle success","duration":232.8107,"failureMessages":[],"meta":{},"tags":[]},{"ancestorTitles":["historical pre-v13 provider observation normalization authority"],"fullName":"historical pre-v13 provider observation normalization authority preserves authenticated raw evidence but refuses normalization before exact command authority","status":"passed","title":"preserves authenticated raw evidence but refuses normalization before exact command authority","duration":20.68239999999969,"failureMessages":[],"meta":{},"tags":[]}],"startTime":1788730683064,"endTime":1788730683317.6824,"status":"passed","message":"","name":"C:/Users/Manfish/Documents/Codex/2026-08-25/files-mentioned-by-the-user-hustlexp/work/repos/backend-security-expiry-wip/backend/tests/system/provider-observation-normalization.pg.test.ts"}]}